Build started 12/6/2015 8:22:15 PM.
Project "C:\Users\Nabir Dinani\Desktop\hw6\asf_amc_viewer\viewer\key_frame1.vcxproj" on node 2 (build target(s)).
InitializeBuildStatus:
  Creating ".\Debug\key_frame1.unsuccessfulbuild" because "AlwaysCreate" was specified.
ClCompile:
  All outputs are up-to-date.
ManifestResourceCompile:
  All outputs are up-to-date.
Link:
  All outputs are up-to-date.
Manifest:
  All outputs are up-to-date.
BscMake:
  All outputs are up-to-date.
FinalizeBuildStatus:
  Deleting file ".\Debug\key_frame1.unsuccessfulbuild".
  Touching ".\Debug\key_frame1.lastbuildstate".
Done Building Project "C:\Users\Nabir Dinani\Desktop\hw6\asf_amc_viewer\viewer\key_frame1.vcxproj" (build target(s)).

Build succeeded.

Time Elapsed 00:00:00.21
