C:\Users\Nabir Dinani\Desktop\hw6\asf_amc_viewer\viewer\.\Release\key_frame1.exe
C:\Users\Nabir Dinani\Desktop\hw6\asf_amc_viewer\viewer\.\Release\key_frame1.exe.intermediate.manifest
C:\Users\Nabir Dinani\Desktop\hw6\asf_amc_viewer\viewer\Release\cl.command.1.tlog
C:\Users\Nabir Dinani\Desktop\hw6\asf_amc_viewer\viewer\Release\CL.read.1.tlog
C:\Users\Nabir Dinani\Desktop\hw6\asf_amc_viewer\viewer\Release\CL.write.1.tlog
C:\USERS\NABIR DINANI\DESKTOP\HW6\ASF_AMC_VIEWER\VIEWER\RELEASE\DISPLAY.OBJ
C:\USERS\NABIR DINANI\DESKTOP\HW6\ASF_AMC_VIEWER\VIEWER\RELEASE\INTERFACE.OBJ
C:\USERS\NABIR DINANI\DESKTOP\HW6\ASF_AMC_VIEWER\VIEWER\RELEASE\INTERPOLATOR.OBJ
C:\USERS\NABIR DINANI\DESKTOP\HW6\ASF_AMC_VIEWER\VIEWER\RELEASE\KEY_FRAME1.EXE
C:\USERS\NABIR DINANI\DESKTOP\HW6\ASF_AMC_VIEWER\VIEWER\RELEASE\KEY_FRAME1.EXE.INTERMEDIATE.MANIFEST
C:\Users\Nabir Dinani\Desktop\hw6\asf_amc_viewer\viewer\Release\key_frame1.exp
C:\Users\Nabir Dinani\Desktop\hw6\asf_amc_viewer\viewer\Release\key_frame1.lib
C:\Users\Nabir Dinani\Desktop\hw6\asf_amc_viewer\viewer\Release\key_frame1.write.1.tlog
C:\Users\Nabir Dinani\Desktop\hw6\asf_amc_viewer\viewer\Release\link.command.1.tlog
C:\Users\Nabir Dinani\Desktop\hw6\asf_amc_viewer\viewer\Release\link.read.1.tlog
C:\Users\Nabir Dinani\Desktop\hw6\asf_amc_viewer\viewer\Release\link.write.1.tlog
C:\USERS\NABIR DINANI\DESKTOP\HW6\ASF_AMC_VIEWER\VIEWER\RELEASE\MOTION.OBJ
C:\Users\Nabir Dinani\Desktop\hw6\asf_amc_viewer\viewer\Release\mt.command.1.tlog
C:\Users\Nabir Dinani\Desktop\hw6\asf_amc_viewer\viewer\Release\mt.read.1.tlog
C:\Users\Nabir Dinani\Desktop\hw6\asf_amc_viewer\viewer\Release\mt.write.1.tlog
C:\USERS\NABIR DINANI\DESKTOP\HW6\ASF_AMC_VIEWER\VIEWER\RELEASE\PLAYER.OBJ
C:\USERS\NABIR DINANI\DESKTOP\HW6\ASF_AMC_VIEWER\VIEWER\RELEASE\POSTURE.OBJ
C:\USERS\NABIR DINANI\DESKTOP\HW6\ASF_AMC_VIEWER\VIEWER\RELEASE\SKELETON.OBJ
C:\USERS\NABIR DINANI\DESKTOP\HW6\ASF_AMC_VIEWER\VIEWER\RELEASE\TRANSFORM.OBJ
C:\USERS\NABIR DINANI\DESKTOP\HW6\ASF_AMC_VIEWER\VIEWER\RELEASE\VC100.PDB
C:\USERS\NABIR DINANI\DESKTOP\HW6\ASF_AMC_VIEWER\VIEWER\RELEASE\VECTOR.OBJ
